<?xml version="1.0" encoding="UTF-8"?>
<!-- Generated by org.testng.reporters.JUnitReportReporter -->
<testsuite hostname="DESKTOP-8107PTH" failures="0" tests="1" name="testscripts.SendContactDetailsTest" time="12.350" errors="0" timestamp="2023-05-29T11:38:56 IST" skipped="0">
  <testcase classname="testscripts.SendContactDetailsTest" name="sendContactDetailsTest" time="12.350"/>
  <system-out/>
</testsuite> <!-- testscripts.SendContactDetailsTest -->
